2022-08-03 17:13:15,451 INFO o.a.j.u.JMeterUtils: Setting Locale to en_EN
2022-08-03 17:13:15,474 INFO o.a.j.JMeter: Loading user properties from: /home/giuseppe/andrea/apache-jmeter-5.5/bin/user.properties
2022-08-03 17:13:15,474 INFO o.a.j.JMeter: Loading system properties from: /home/giuseppe/andrea/apache-jmeter-5.5/bin/system.properties
2022-08-03 17:13:15,474 INFO o.a.j.JMeter: Setting JMeter property: thread-number=100
2022-08-03 17:13:15,475 INFO o.a.j.JMeter: Setting JMeter property: loop-number=1000
2022-08-03 17:13:15,475 INFO o.a.j.JMeter: Setting JMeter property: port-number=9080
2022-08-03 17:13:15,480 INFO o.a.j.JMeter: Copyright (c) 1998-2022 The Apache Software Foundation
2022-08-03 17:13:15,480 INFO o.a.j.JMeter: Version 5.5
2022-08-03 17:13:15,480 INFO o.a.j.JMeter: java.version=11.0.15
2022-08-03 17:13:15,481 INFO o.a.j.JMeter: java.vm.name=OpenJDK 64-Bit Server VM
2022-08-03 17:13:15,481 INFO o.a.j.JMeter: os.name=Linux
2022-08-03 17:13:15,481 INFO o.a.j.JMeter: os.arch=amd64
2022-08-03 17:13:15,481 INFO o.a.j.JMeter: os.version=4.15.0-189-lowlatency
2022-08-03 17:13:15,481 INFO o.a.j.JMeter: file.encoding=UTF-8
2022-08-03 17:13:15,481 INFO o.a.j.JMeter: java.awt.headless=true
2022-08-03 17:13:15,481 INFO o.a.j.JMeter: Max memory     =1073741824
2022-08-03 17:13:15,481 INFO o.a.j.JMeter: Available Processors =56
2022-08-03 17:13:15,488 INFO o.a.j.JMeter: Default Locale=English (EN)
2022-08-03 17:13:15,489 INFO o.a.j.JMeter: JMeter  Locale=English (EN)
2022-08-03 17:13:15,489 INFO o.a.j.JMeter: JMeterHome=/home/giuseppe/andrea/apache-jmeter-5.5
2022-08-03 17:13:15,489 INFO o.a.j.JMeter: user.dir  =/home/giuseppe/andrea/oai-cn5g-fed/docker-compose
2022-08-03 17:13:15,489 INFO o.a.j.JMeter: PWD       =/home/giuseppe/andrea/oai-cn5g-fed/docker-compose
2022-08-03 17:13:15,489 INFO o.a.j.JMeter: IP: 127.0.1.1 Name: giuseppe-srv FullName: giuseppe-srv
2022-08-03 17:13:15,503 INFO o.a.j.s.FileServer: Default base='/home/giuseppe/andrea/oai-cn5g-fed/docker-compose'
2022-08-03 17:13:15,504 INFO o.a.j.s.FileServer: Set new base='/home/giuseppe/andrea/localization-LMF'
2022-08-03 17:13:15,667 INFO o.a.j.s.SaveService: Testplan (JMX) version: 2.2. Testlog (JTL) version: 2.2
2022-08-03 17:13:15,686 INFO o.a.j.s.SaveService: Using SaveService properties version 5.0
2022-08-03 17:13:15,690 INFO o.a.j.s.SaveService: Using SaveService properties file encoding UTF-8
2022-08-03 17:13:15,693 INFO o.a.j.s.SaveService: Loading file: /home/giuseppe/andrea/localization-LMF/LMF_test.jmx
2022-08-03 17:13:15,742 INFO o.a.j.p.h.s.HTTPSamplerBase: Parser for text/html is org.apache.jmeter.protocol.http.parser.LagartoBasedHtmlParser
2022-08-03 17:13:15,743 INFO o.a.j.p.h.s.HTTPSamplerBase: Parser for application/xhtml+xml is org.apache.jmeter.protocol.http.parser.LagartoBasedHtmlParser
2022-08-03 17:13:15,743 INFO o.a.j.p.h.s.HTTPSamplerBase: Parser for application/xml is org.apache.jmeter.protocol.http.parser.LagartoBasedHtmlParser
2022-08-03 17:13:15,743 INFO o.a.j.p.h.s.HTTPSamplerBase: Parser for text/xml is org.apache.jmeter.protocol.http.parser.LagartoBasedHtmlParser
2022-08-03 17:13:15,743 INFO o.a.j.p.h.s.HTTPSamplerBase: Parser for text/vnd.wap.wml is org.apache.jmeter.protocol.http.parser.RegexpHTMLParser
2022-08-03 17:13:15,743 INFO o.a.j.p.h.s.HTTPSamplerBase: Parser for text/css is org.apache.jmeter.protocol.http.parser.CssParser
2022-08-03 17:13:15,762 INFO o.a.j.JMeter: Creating summariser <summary>
2022-08-03 17:13:15,771 INFO o.a.j.e.StandardJMeterEngine: Running the test!
2022-08-03 17:13:15,772 INFO o.a.j.s.SampleEvent: List of sample_variables: []
2022-08-03 17:13:15,772 INFO o.a.j.s.SampleEvent: List of sample_variables: []
2022-08-03 17:13:15,782 INFO o.a.j.e.u.CompoundVariable: Note: Function class names must contain the string: '.functions.'
2022-08-03 17:13:15,782 INFO o.a.j.e.u.CompoundVariable: Note: Function class names must not contain the string: '.gui.'
2022-08-03 17:13:16,029 INFO o.a.j.JMeter: Running test (1659546796029)
2022-08-03 17:13:16,044 INFO o.a.j.e.StandardJMeterEngine: Starting ThreadGroup: 1 : Thread Group
2022-08-03 17:13:16,044 INFO o.a.j.e.StandardJMeterEngine: Starting 100 threads for group Thread Group.
2022-08-03 17:13:16,044 INFO o.a.j.e.StandardJMeterEngine: Test will stop abruptly on error
2022-08-03 17:13:16,044 INFO o.a.j.t.ThreadGroup: Starting thread group... number=1 threads=100 ramp-up=0 delayedStart=true
2022-08-03 17:13:16,045 INFO o.a.j.t.ThreadGroup: Started thread group number 1
2022-08-03 17:13:16,045 INFO o.a.j.e.StandardJMeterEngine: All thread groups have been started
2022-08-03 17:13:16,055 INFO o.a.j.t.JMeterThread: Thread started: Thread Group 1-4
2022-08-03 17:13:16,055 INFO o.a.j.t.JMeterThread: Thread started: Thread Group 1-1
2022-08-03 17:13:16,055 INFO o.a.j.t.JMeterThread: Thread started: Thread Group 1-2
2022-08-03 17:13:16,055 INFO o.a.j.t.JMeterThread: Thread started: Thread Group 1-5
2022-08-03 17:13:16,055 INFO o.a.j.t.JMeterThread: Thread started: Thread Group 1-3
2022-08-03 17:13:16,057 INFO o.a.j.t.JMeterThread: Thread started: Thread Group 1-6
2022-08-03 17:13:16,058 INFO o.a.j.t.JMeterThread: Thread started: Thread Group 1-7
2022-08-03 17:13:16,059 INFO o.a.j.t.JMeterThread: Thread started: Thread Group 1-8
2022-08-03 17:13:16,059 INFO o.a.j.t.JMeterThread: Thread started: Thread Group 1-9
2022-08-03 17:13:16,059 INFO o.a.j.t.JMeterThread: Thread started: Thread Group 1-10
2022-08-03 17:13:16,060 INFO o.a.j.t.JMeterThread: Thread started: Thread Group 1-11
2022-08-03 17:13:16,061 INFO o.a.j.t.JMeterThread: Thread started: Thread Group 1-12
2022-08-03 17:13:16,061 INFO o.a.j.t.JMeterThread: Thread started: Thread Group 1-13
2022-08-03 17:13:16,063 INFO o.a.j.t.JMeterThread: Thread started: Thread Group 1-14
2022-08-03 17:13:16,063 INFO o.a.j.t.JMeterThread: Thread started: Thread Group 1-15
2022-08-03 17:13:16,064 INFO o.a.j.t.JMeterThread: Thread started: Thread Group 1-16
2022-08-03 17:13:16,064 INFO o.a.j.t.JMeterThread: Thread started: Thread Group 1-17
2022-08-03 17:13:16,065 INFO o.a.j.t.JMeterThread: Thread started: Thread Group 1-18
2022-08-03 17:13:16,065 INFO o.a.j.t.JMeterThread: Thread started: Thread Group 1-19
2022-08-03 17:13:16,065 INFO o.a.j.t.JMeterThread: Thread started: Thread Group 1-20
2022-08-03 17:13:16,066 INFO o.a.j.t.JMeterThread: Thread started: Thread Group 1-21
2022-08-03 17:13:16,066 INFO o.a.j.t.JMeterThread: Thread started: Thread Group 1-22
2022-08-03 17:13:16,066 INFO o.a.j.t.JMeterThread: Thread started: Thread Group 1-23
2022-08-03 17:13:16,067 INFO o.a.j.t.JMeterThread: Thread started: Thread Group 1-24
2022-08-03 17:13:16,067 INFO o.a.j.t.JMeterThread: Thread started: Thread Group 1-25
2022-08-03 17:13:16,067 INFO o.a.j.t.JMeterThread: Thread started: Thread Group 1-26
2022-08-03 17:13:16,068 INFO o.a.j.t.JMeterThread: Thread started: Thread Group 1-27
2022-08-03 17:13:16,068 INFO o.a.j.t.JMeterThread: Thread started: Thread Group 1-28
2022-08-03 17:13:16,068 INFO o.a.j.t.JMeterThread: Thread started: Thread Group 1-29
2022-08-03 17:13:16,068 INFO o.a.j.t.JMeterThread: Thread started: Thread Group 1-30
2022-08-03 17:13:16,069 INFO o.a.j.t.JMeterThread: Thread started: Thread Group 1-31
2022-08-03 17:13:16,069 INFO o.a.j.t.JMeterThread: Thread started: Thread Group 1-32
2022-08-03 17:13:16,069 INFO o.a.j.t.JMeterThread: Thread started: Thread Group 1-33
2022-08-03 17:13:16,070 INFO o.a.j.t.JMeterThread: Thread started: Thread Group 1-34
2022-08-03 17:13:16,070 INFO o.a.j.t.JMeterThread: Thread started: Thread Group 1-35
2022-08-03 17:13:16,070 INFO o.a.j.t.JMeterThread: Thread started: Thread Group 1-36
2022-08-03 17:13:16,070 INFO o.a.j.t.JMeterThread: Thread started: Thread Group 1-37
2022-08-03 17:13:16,071 INFO o.a.j.t.JMeterThread: Thread started: Thread Group 1-38
2022-08-03 17:13:16,071 INFO o.a.j.t.JMeterThread: Thread started: Thread Group 1-39
2022-08-03 17:13:16,071 INFO o.a.j.t.JMeterThread: Thread started: Thread Group 1-40
2022-08-03 17:13:16,071 INFO o.a.j.t.JMeterThread: Thread started: Thread Group 1-41
2022-08-03 17:13:16,072 INFO o.a.j.t.JMeterThread: Thread started: Thread Group 1-42
2022-08-03 17:13:16,072 INFO o.a.j.t.JMeterThread: Thread started: Thread Group 1-43
2022-08-03 17:13:16,072 INFO o.a.j.t.JMeterThread: Thread started: Thread Group 1-44
2022-08-03 17:13:16,073 INFO o.a.j.t.JMeterThread: Thread started: Thread Group 1-45
2022-08-03 17:13:16,073 INFO o.a.j.t.JMeterThread: Thread started: Thread Group 1-46
2022-08-03 17:13:16,073 INFO o.a.j.t.JMeterThread: Thread started: Thread Group 1-47
2022-08-03 17:13:16,073 INFO o.a.j.t.JMeterThread: Thread started: Thread Group 1-48
2022-08-03 17:13:16,074 INFO o.a.j.t.JMeterThread: Thread started: Thread Group 1-49
2022-08-03 17:13:16,074 INFO o.a.j.t.JMeterThread: Thread started: Thread Group 1-50
2022-08-03 17:13:16,074 INFO o.a.j.t.JMeterThread: Thread started: Thread Group 1-51
2022-08-03 17:13:16,074 INFO o.a.j.t.JMeterThread: Thread started: Thread Group 1-52
2022-08-03 17:13:16,075 INFO o.a.j.t.JMeterThread: Thread started: Thread Group 1-53
2022-08-03 17:13:16,075 INFO o.a.j.t.JMeterThread: Thread started: Thread Group 1-54
2022-08-03 17:13:16,075 INFO o.a.j.t.JMeterThread: Thread started: Thread Group 1-55
2022-08-03 17:13:16,075 INFO o.a.j.t.JMeterThread: Thread started: Thread Group 1-56
2022-08-03 17:13:16,076 INFO o.a.j.t.JMeterThread: Thread started: Thread Group 1-57
2022-08-03 17:13:16,076 INFO o.a.j.t.JMeterThread: Thread started: Thread Group 1-58
2022-08-03 17:13:16,076 INFO o.a.j.t.JMeterThread: Thread started: Thread Group 1-59
2022-08-03 17:13:16,077 INFO o.a.j.t.JMeterThread: Thread started: Thread Group 1-60
2022-08-03 17:13:16,077 INFO o.a.j.t.JMeterThread: Thread started: Thread Group 1-61
2022-08-03 17:13:16,077 INFO o.a.j.t.JMeterThread: Thread started: Thread Group 1-62
2022-08-03 17:13:16,078 INFO o.a.j.t.JMeterThread: Thread started: Thread Group 1-63
2022-08-03 17:13:16,078 INFO o.a.j.t.JMeterThread: Thread started: Thread Group 1-64
2022-08-03 17:13:16,078 INFO o.a.j.t.JMeterThread: Thread started: Thread Group 1-65
2022-08-03 17:13:16,079 INFO o.a.j.t.JMeterThread: Thread started: Thread Group 1-66
2022-08-03 17:13:16,079 INFO o.a.j.t.JMeterThread: Thread started: Thread Group 1-67
2022-08-03 17:13:16,079 INFO o.a.j.t.JMeterThread: Thread started: Thread Group 1-68
2022-08-03 17:13:16,079 INFO o.a.j.t.JMeterThread: Thread started: Thread Group 1-69
2022-08-03 17:13:16,080 INFO o.a.j.t.JMeterThread: Thread started: Thread Group 1-70
2022-08-03 17:13:16,080 INFO o.a.j.t.JMeterThread: Thread started: Thread Group 1-71
2022-08-03 17:13:16,080 INFO o.a.j.t.JMeterThread: Thread started: Thread Group 1-72
2022-08-03 17:13:16,080 INFO o.a.j.t.JMeterThread: Thread started: Thread Group 1-73
2022-08-03 17:13:16,081 INFO o.a.j.t.JMeterThread: Thread started: Thread Group 1-74
2022-08-03 17:13:16,081 INFO o.a.j.t.JMeterThread: Thread started: Thread Group 1-75
2022-08-03 17:13:16,081 INFO o.a.j.t.JMeterThread: Thread started: Thread Group 1-76
2022-08-03 17:13:16,082 INFO o.a.j.t.JMeterThread: Thread started: Thread Group 1-77
2022-08-03 17:13:16,082 INFO o.a.j.t.JMeterThread: Thread started: Thread Group 1-78
2022-08-03 17:13:16,082 INFO o.a.j.t.JMeterThread: Thread started: Thread Group 1-79
2022-08-03 17:13:16,083 INFO o.a.j.t.JMeterThread: Thread started: Thread Group 1-80
2022-08-03 17:13:16,083 INFO o.a.j.t.JMeterThread: Thread started: Thread Group 1-81
2022-08-03 17:13:16,085 INFO o.a.j.t.JMeterThread: Thread started: Thread Group 1-82
2022-08-03 17:13:16,085 INFO o.a.j.t.JMeterThread: Thread started: Thread Group 1-83
2022-08-03 17:13:16,085 INFO o.a.j.t.JMeterThread: Thread started: Thread Group 1-84
2022-08-03 17:13:16,085 INFO o.a.j.t.JMeterThread: Thread started: Thread Group 1-85
2022-08-03 17:13:16,086 INFO o.a.j.t.JMeterThread: Thread started: Thread Group 1-86
2022-08-03 17:13:16,086 INFO o.a.j.t.JMeterThread: Thread started: Thread Group 1-87
2022-08-03 17:13:16,086 INFO o.a.j.t.JMeterThread: Thread started: Thread Group 1-88
2022-08-03 17:13:16,086 INFO o.a.j.t.JMeterThread: Thread started: Thread Group 1-89
2022-08-03 17:13:16,087 INFO o.a.j.t.JMeterThread: Thread started: Thread Group 1-90
2022-08-03 17:13:16,087 INFO o.a.j.t.JMeterThread: Thread started: Thread Group 1-91
2022-08-03 17:13:16,087 INFO o.a.j.t.JMeterThread: Thread started: Thread Group 1-92
2022-08-03 17:13:16,087 INFO o.a.j.t.JMeterThread: Thread started: Thread Group 1-93
2022-08-03 17:13:16,088 INFO o.a.j.t.JMeterThread: Thread started: Thread Group 1-94
2022-08-03 17:13:16,088 INFO o.a.j.t.JMeterThread: Thread started: Thread Group 1-95
2022-08-03 17:13:16,088 INFO o.a.j.t.JMeterThread: Thread started: Thread Group 1-96
2022-08-03 17:13:16,089 INFO o.a.j.t.JMeterThread: Thread started: Thread Group 1-97
2022-08-03 17:13:16,089 INFO o.a.j.t.JMeterThread: Thread started: Thread Group 1-98
2022-08-03 17:13:16,089 INFO o.a.j.t.JMeterThread: Thread started: Thread Group 1-99
2022-08-03 17:13:16,089 INFO o.a.j.t.JMeterThread: Thread started: Thread Group 1-100
2022-08-03 17:13:16,422 INFO o.a.j.p.h.s.HTTPHCAbstractImpl: Local host = giuseppe-srv
2022-08-03 17:13:16,428 INFO o.a.j.p.h.s.HTTPHC4Impl: HTTP request retry count = 0
2022-08-03 17:13:16,429 INFO o.a.j.s.SampleResult: Note: Sample TimeStamps are START times
2022-08-03 17:13:16,430 INFO o.a.j.s.SampleResult: sampleresult.default.encoding is set to ISO-8859-1
2022-08-03 17:13:16,430 INFO o.a.j.s.SampleResult: sampleresult.useNanoTime=true
2022-08-03 17:13:16,430 INFO o.a.j.s.SampleResult: sampleresult.nanoThreadSleep=5000
2022-08-03 17:13:30,014 INFO o.a.j.r.Summariser: summary +   4097 in 00:00:14 =  293.0/s Avg:    10 Min:     5 Max:    44 Err:     0 (0.00%) Active: 100 Started: 100 Finished: 0
2022-08-03 17:14:00,028 INFO o.a.j.r.Summariser: summary +   9601 in 00:00:30 =  319.9/s Avg:    12 Min:     5 Max:    26 Err:     0 (0.00%) Active: 100 Started: 100 Finished: 0
2022-08-03 17:14:00,029 INFO o.a.j.r.Summariser: summary =  13698 in 00:00:44 =  311.3/s Avg:    12 Min:     5 Max:    44 Err:     0 (0.00%)
2022-08-03 17:14:30,030 INFO o.a.j.r.Summariser: summary +   9578 in 00:00:30 =  319.2/s Avg:    12 Min:     5 Max:    26 Err:     0 (0.00%) Active: 100 Started: 100 Finished: 0
2022-08-03 17:14:30,031 INFO o.a.j.r.Summariser: summary =  23276 in 00:01:14 =  314.5/s Avg:    12 Min:     5 Max:    44 Err:     0 (0.00%)
2022-08-03 17:15:00,003 INFO o.a.j.r.Summariser: summary +   9590 in 00:00:30 =  320.0/s Avg:    12 Min:     5 Max:    27 Err:     0 (0.00%) Active: 100 Started: 100 Finished: 0
2022-08-03 17:15:00,004 INFO o.a.j.r.Summariser: summary =  32866 in 00:01:44 =  316.1/s Avg:    12 Min:     5 Max:    44 Err:     0 (0.00%)
2022-08-03 17:15:30,022 INFO o.a.j.r.Summariser: summary +   9604 in 00:00:30 =  319.9/s Avg:    12 Min:     5 Max:    25 Err:     0 (0.00%) Active: 100 Started: 100 Finished: 0
2022-08-03 17:15:30,023 INFO o.a.j.r.Summariser: summary =  42470 in 00:02:14 =  317.0/s Avg:    12 Min:     5 Max:    44 Err:     0 (0.00%)
2022-08-03 17:16:00,020 INFO o.a.j.r.Summariser: summary +   9609 in 00:00:30 =  320.3/s Avg:    12 Min:     5 Max:    26 Err:     0 (0.00%) Active: 100 Started: 100 Finished: 0
2022-08-03 17:16:00,020 INFO o.a.j.r.Summariser: summary =  52079 in 00:02:44 =  317.6/s Avg:    12 Min:     5 Max:    44 Err:     0 (0.00%)
2022-08-03 17:16:30,010 INFO o.a.j.r.Summariser: summary +   9600 in 00:00:30 =  320.1/s Avg:    12 Min:     5 Max:    23 Err:     0 (0.00%) Active: 100 Started: 100 Finished: 0
2022-08-03 17:16:30,010 INFO o.a.j.r.Summariser: summary =  61679 in 00:03:14 =  318.0/s Avg:    12 Min:     5 Max:    44 Err:     0 (0.00%)
2022-08-03 17:17:00,010 INFO o.a.j.r.Summariser: summary +   9598 in 00:00:30 =  319.9/s Avg:    11 Min:     5 Max:    24 Err:     0 (0.00%) Active: 100 Started: 100 Finished: 0
2022-08-03 17:17:00,011 INFO o.a.j.r.Summariser: summary =  71277 in 00:03:44 =  318.2/s Avg:    12 Min:     5 Max:    44 Err:     0 (0.00%)
2022-08-03 17:17:30,032 INFO o.a.j.r.Summariser: summary +   9614 in 00:00:30 =  320.2/s Avg:    11 Min:     5 Max:    25 Err:     0 (0.00%) Active: 100 Started: 100 Finished: 0
2022-08-03 17:17:30,033 INFO o.a.j.r.Summariser: summary =  80891 in 00:04:14 =  318.5/s Avg:    12 Min:     5 Max:    44 Err:     0 (0.00%)
2022-08-03 17:18:00,073 INFO o.a.j.r.Summariser: summary +   9617 in 00:00:30 =  320.1/s Avg:    12 Min:     5 Max:    25 Err:     0 (0.00%) Active: 100 Started: 100 Finished: 0
2022-08-03 17:18:00,074 INFO o.a.j.r.Summariser: summary =  90508 in 00:04:44 =  318.6/s Avg:    12 Min:     5 Max:    44 Err:     0 (0.00%)
2022-08-03 17:18:25,033 INFO o.a.j.t.JMeterThread: Thread is done: Thread Group 1-75
2022-08-03 17:18:25,034 INFO o.a.j.t.JMeterThread: Thread finished: Thread Group 1-75
2022-08-03 17:18:25,215 INFO o.a.j.t.JMeterThread: Thread is done: Thread Group 1-39
2022-08-03 17:18:25,215 INFO o.a.j.t.JMeterThread: Thread finished: Thread Group 1-39
2022-08-03 17:18:25,250 INFO o.a.j.t.JMeterThread: Thread is done: Thread Group 1-27
2022-08-03 17:18:25,250 INFO o.a.j.t.JMeterThread: Thread finished: Thread Group 1-27
2022-08-03 17:18:25,340 INFO o.a.j.t.JMeterThread: Thread is done: Thread Group 1-49
2022-08-03 17:18:25,341 INFO o.a.j.t.JMeterThread: Thread finished: Thread Group 1-49
2022-08-03 17:18:25,489 INFO o.a.j.t.JMeterThread: Thread is done: Thread Group 1-55
2022-08-03 17:18:25,489 INFO o.a.j.t.JMeterThread: Thread finished: Thread Group 1-55
2022-08-03 17:18:25,521 INFO o.a.j.t.JMeterThread: Thread is done: Thread Group 1-67
2022-08-03 17:18:25,521 INFO o.a.j.t.JMeterThread: Thread is done: Thread Group 1-47
2022-08-03 17:18:25,522 INFO o.a.j.t.JMeterThread: Thread finished: Thread Group 1-67
2022-08-03 17:18:25,522 INFO o.a.j.t.JMeterThread: Thread finished: Thread Group 1-47
2022-08-03 17:18:25,547 INFO o.a.j.t.JMeterThread: Thread is done: Thread Group 1-85
2022-08-03 17:18:25,547 INFO o.a.j.t.JMeterThread: Thread is done: Thread Group 1-43
2022-08-03 17:18:25,547 INFO o.a.j.t.JMeterThread: Thread finished: Thread Group 1-85
2022-08-03 17:18:25,547 INFO o.a.j.t.JMeterThread: Thread finished: Thread Group 1-43
2022-08-03 17:18:25,650 INFO o.a.j.t.JMeterThread: Thread is done: Thread Group 1-25
2022-08-03 17:18:25,650 INFO o.a.j.t.JMeterThread: Thread finished: Thread Group 1-25
2022-08-03 17:18:25,801 INFO o.a.j.t.JMeterThread: Thread is done: Thread Group 1-77
2022-08-03 17:18:25,800 INFO o.a.j.t.JMeterThread: Thread is done: Thread Group 1-89
2022-08-03 17:18:25,801 INFO o.a.j.t.JMeterThread: Thread finished: Thread Group 1-77
2022-08-03 17:18:25,801 INFO o.a.j.t.JMeterThread: Thread finished: Thread Group 1-89
2022-08-03 17:18:25,820 INFO o.a.j.t.JMeterThread: Thread is done: Thread Group 1-13
2022-08-03 17:18:25,821 INFO o.a.j.t.JMeterThread: Thread finished: Thread Group 1-13
2022-08-03 17:18:25,830 INFO o.a.j.t.JMeterThread: Thread is done: Thread Group 1-9
2022-08-03 17:18:25,830 INFO o.a.j.t.JMeterThread: Thread finished: Thread Group 1-9
2022-08-03 17:18:25,988 INFO o.a.j.t.JMeterThread: Thread is done: Thread Group 1-37
2022-08-03 17:18:25,988 INFO o.a.j.t.JMeterThread: Thread finished: Thread Group 1-37
2022-08-03 17:18:26,129 INFO o.a.j.t.JMeterThread: Thread is done: Thread Group 1-81
2022-08-03 17:18:26,129 INFO o.a.j.t.JMeterThread: Thread is done: Thread Group 1-17
2022-08-03 17:18:26,130 INFO o.a.j.t.JMeterThread: Thread finished: Thread Group 1-81
2022-08-03 17:18:26,130 INFO o.a.j.t.JMeterThread: Thread finished: Thread Group 1-17
2022-08-03 17:18:26,130 INFO o.a.j.t.JMeterThread: Thread is done: Thread Group 1-45
2022-08-03 17:18:26,133 INFO o.a.j.t.JMeterThread: Thread finished: Thread Group 1-45
2022-08-03 17:18:26,141 INFO o.a.j.t.JMeterThread: Thread is done: Thread Group 1-97
2022-08-03 17:18:26,142 INFO o.a.j.t.JMeterThread: Thread is done: Thread Group 1-95
2022-08-03 17:18:26,142 INFO o.a.j.t.JMeterThread: Thread is done: Thread Group 1-21
2022-08-03 17:18:26,142 INFO o.a.j.t.JMeterThread: Thread is done: Thread Group 1-41
2022-08-03 17:18:26,142 INFO o.a.j.t.JMeterThread: Thread finished: Thread Group 1-97
2022-08-03 17:18:26,142 INFO o.a.j.t.JMeterThread: Thread is done: Thread Group 1-93
2022-08-03 17:18:26,142 INFO o.a.j.t.JMeterThread: Thread is done: Thread Group 1-19
2022-08-03 17:18:26,142 INFO o.a.j.t.JMeterThread: Thread finished: Thread Group 1-95
2022-08-03 17:18:26,142 INFO o.a.j.t.JMeterThread: Thread finished: Thread Group 1-93
2022-08-03 17:18:26,142 INFO o.a.j.t.JMeterThread: Thread finished: Thread Group 1-21
2022-08-03 17:18:26,142 INFO o.a.j.t.JMeterThread: Thread finished: Thread Group 1-41
2022-08-03 17:18:26,142 INFO o.a.j.t.JMeterThread: Thread finished: Thread Group 1-19
2022-08-03 17:18:26,177 INFO o.a.j.t.JMeterThread: Thread is done: Thread Group 1-29
2022-08-03 17:18:26,177 INFO o.a.j.t.JMeterThread: Thread finished: Thread Group 1-29
2022-08-03 17:18:26,209 INFO o.a.j.t.JMeterThread: Thread is done: Thread Group 1-57
2022-08-03 17:18:26,209 INFO o.a.j.t.JMeterThread: Thread finished: Thread Group 1-57
2022-08-03 17:18:26,297 INFO o.a.j.t.JMeterThread: Thread is done: Thread Group 1-35
2022-08-03 17:18:26,297 INFO o.a.j.t.JMeterThread: Thread is done: Thread Group 1-59
2022-08-03 17:18:26,297 INFO o.a.j.t.JMeterThread: Thread is done: Thread Group 1-71
2022-08-03 17:18:26,297 INFO o.a.j.t.JMeterThread: Thread finished: Thread Group 1-35
2022-08-03 17:18:26,297 INFO o.a.j.t.JMeterThread: Thread finished: Thread Group 1-71
2022-08-03 17:18:26,297 INFO o.a.j.t.JMeterThread: Thread finished: Thread Group 1-59
2022-08-03 17:18:26,435 INFO o.a.j.t.JMeterThread: Thread is done: Thread Group 1-69
2022-08-03 17:18:26,435 INFO o.a.j.t.JMeterThread: Thread finished: Thread Group 1-69
2022-08-03 17:18:26,437 INFO o.a.j.t.JMeterThread: Thread is done: Thread Group 1-11
2022-08-03 17:18:26,437 INFO o.a.j.t.JMeterThread: Thread finished: Thread Group 1-11
2022-08-03 17:18:26,447 INFO o.a.j.t.JMeterThread: Thread is done: Thread Group 1-51
2022-08-03 17:18:26,447 INFO o.a.j.t.JMeterThread: Thread finished: Thread Group 1-51
2022-08-03 17:18:26,467 INFO o.a.j.t.JMeterThread: Thread is done: Thread Group 1-33
2022-08-03 17:18:26,468 INFO o.a.j.t.JMeterThread: Thread finished: Thread Group 1-33
2022-08-03 17:18:26,486 INFO o.a.j.t.JMeterThread: Thread is done: Thread Group 1-63
2022-08-03 17:18:26,486 INFO o.a.j.t.JMeterThread: Thread finished: Thread Group 1-63
2022-08-03 17:18:26,515 INFO o.a.j.t.JMeterThread: Thread is done: Thread Group 1-73
2022-08-03 17:18:26,515 INFO o.a.j.t.JMeterThread: Thread finished: Thread Group 1-73
2022-08-03 17:18:26,606 INFO o.a.j.t.JMeterThread: Thread is done: Thread Group 1-15
2022-08-03 17:18:26,606 INFO o.a.j.t.JMeterThread: Thread finished: Thread Group 1-15
2022-08-03 17:18:26,719 INFO o.a.j.t.JMeterThread: Thread is done: Thread Group 1-83
2022-08-03 17:18:26,719 INFO o.a.j.t.JMeterThread: Thread finished: Thread Group 1-83
2022-08-03 17:18:26,767 INFO o.a.j.t.JMeterThread: Thread is done: Thread Group 1-3
2022-08-03 17:18:26,767 INFO o.a.j.t.JMeterThread: Thread finished: Thread Group 1-3
2022-08-03 17:18:26,793 INFO o.a.j.t.JMeterThread: Thread is done: Thread Group 1-91
2022-08-03 17:18:26,793 INFO o.a.j.t.JMeterThread: Thread finished: Thread Group 1-91
2022-08-03 17:18:26,877 INFO o.a.j.t.JMeterThread: Thread is done: Thread Group 1-61
2022-08-03 17:18:26,877 INFO o.a.j.t.JMeterThread: Thread is done: Thread Group 1-79
2022-08-03 17:18:26,877 INFO o.a.j.t.JMeterThread: Thread finished: Thread Group 1-79
2022-08-03 17:18:26,877 INFO o.a.j.t.JMeterThread: Thread finished: Thread Group 1-61
2022-08-03 17:18:26,913 INFO o.a.j.t.JMeterThread: Thread is done: Thread Group 1-31
2022-08-03 17:18:26,913 INFO o.a.j.t.JMeterThread: Thread is done: Thread Group 1-53
2022-08-03 17:18:26,913 INFO o.a.j.t.JMeterThread: Thread finished: Thread Group 1-31
2022-08-03 17:18:26,913 INFO o.a.j.t.JMeterThread: Thread finished: Thread Group 1-53
2022-08-03 17:18:27,053 INFO o.a.j.t.JMeterThread: Thread is done: Thread Group 1-23
2022-08-03 17:18:27,053 INFO o.a.j.t.JMeterThread: Thread is done: Thread Group 1-5
2022-08-03 17:18:27,053 INFO o.a.j.t.JMeterThread: Thread finished: Thread Group 1-23
2022-08-03 17:18:27,053 INFO o.a.j.t.JMeterThread: Thread finished: Thread Group 1-5
2022-08-03 17:18:27,099 INFO o.a.j.t.JMeterThread: Thread is done: Thread Group 1-99
2022-08-03 17:18:27,099 INFO o.a.j.t.JMeterThread: Thread is done: Thread Group 1-7
2022-08-03 17:18:27,099 INFO o.a.j.t.JMeterThread: Thread finished: Thread Group 1-99
2022-08-03 17:18:27,099 INFO o.a.j.t.JMeterThread: Thread finished: Thread Group 1-7
2022-08-03 17:18:27,182 INFO o.a.j.t.JMeterThread: Thread is done: Thread Group 1-1
2022-08-03 17:18:27,183 INFO o.a.j.t.JMeterThread: Thread finished: Thread Group 1-1
2022-08-03 17:18:27,220 INFO o.a.j.t.JMeterThread: Thread is done: Thread Group 1-87
2022-08-03 17:18:27,221 INFO o.a.j.t.JMeterThread: Thread finished: Thread Group 1-87
2022-08-03 17:18:27,638 INFO o.a.j.t.JMeterThread: Thread is done: Thread Group 1-65
2022-08-03 17:18:27,638 INFO o.a.j.t.JMeterThread: Thread finished: Thread Group 1-65
2022-08-03 17:18:30,045 INFO o.a.j.r.Summariser: summary +   9022 in 00:00:30 =  301.0/s Avg:    12 Min:     5 Max:    24 Err:     0 (0.00%) Active: 50 Started: 100 Finished: 50
2022-08-03 17:18:30,046 INFO o.a.j.r.Summariser: summary =  99530 in 00:05:14 =  317.0/s Avg:    12 Min:     5 Max:    44 Err:     0 (0.00%)
2022-08-03 17:18:32,131 INFO o.a.j.t.JMeterThread: Thread is done: Thread Group 1-22
2022-08-03 17:18:32,131 INFO o.a.j.t.JMeterThread: Thread is done: Thread Group 1-52
2022-08-03 17:18:32,131 INFO o.a.j.t.JMeterThread: Thread is done: Thread Group 1-62
2022-08-03 17:18:32,131 INFO o.a.j.t.JMeterThread: Thread finished: Thread Group 1-52
2022-08-03 17:18:32,131 INFO o.a.j.t.JMeterThread: Thread finished: Thread Group 1-22
2022-08-03 17:18:32,131 INFO o.a.j.t.JMeterThread: Thread finished: Thread Group 1-62
2022-08-03 17:18:32,146 INFO o.a.j.t.JMeterThread: Thread is done: Thread Group 1-72
2022-08-03 17:18:32,146 INFO o.a.j.t.JMeterThread: Thread is done: Thread Group 1-34
2022-08-03 17:18:32,146 INFO o.a.j.t.JMeterThread: Thread finished: Thread Group 1-72
2022-08-03 17:18:32,146 INFO o.a.j.t.JMeterThread: Thread finished: Thread Group 1-34
2022-08-03 17:18:32,197 INFO o.a.j.t.JMeterThread: Thread is done: Thread Group 1-66
2022-08-03 17:18:32,197 INFO o.a.j.t.JMeterThread: Thread finished: Thread Group 1-66
2022-08-03 17:18:32,242 INFO o.a.j.t.JMeterThread: Thread is done: Thread Group 1-36
2022-08-03 17:18:32,242 INFO o.a.j.t.JMeterThread: Thread finished: Thread Group 1-36
2022-08-03 17:18:32,276 INFO o.a.j.t.JMeterThread: Thread is done: Thread Group 1-98
2022-08-03 17:18:32,276 INFO o.a.j.t.JMeterThread: Thread finished: Thread Group 1-98
2022-08-03 17:18:32,388 INFO o.a.j.t.JMeterThread: Thread is done: Thread Group 1-38
2022-08-03 17:18:32,388 INFO o.a.j.t.JMeterThread: Thread is done: Thread Group 1-70
2022-08-03 17:18:32,388 INFO o.a.j.t.JMeterThread: Thread is done: Thread Group 1-32
2022-08-03 17:18:32,388 INFO o.a.j.t.JMeterThread: Thread finished: Thread Group 1-38
2022-08-03 17:18:32,388 INFO o.a.j.t.JMeterThread: Thread finished: Thread Group 1-70
2022-08-03 17:18:32,388 INFO o.a.j.t.JMeterThread: Thread finished: Thread Group 1-32
2022-08-03 17:18:32,390 INFO o.a.j.t.JMeterThread: Thread is done: Thread Group 1-100
2022-08-03 17:18:32,390 INFO o.a.j.t.JMeterThread: Thread finished: Thread Group 1-100
2022-08-03 17:18:32,443 INFO o.a.j.t.JMeterThread: Thread is done: Thread Group 1-50
2022-08-03 17:18:32,443 INFO o.a.j.t.JMeterThread: Thread is done: Thread Group 1-42
2022-08-03 17:18:32,443 INFO o.a.j.t.JMeterThread: Thread finished: Thread Group 1-42
2022-08-03 17:18:32,443 INFO o.a.j.t.JMeterThread: Thread finished: Thread Group 1-50
2022-08-03 17:18:32,445 INFO o.a.j.t.JMeterThread: Thread is done: Thread Group 1-14
2022-08-03 17:18:32,445 INFO o.a.j.t.JMeterThread: Thread finished: Thread Group 1-14
2022-08-03 17:18:32,508 INFO o.a.j.t.JMeterThread: Thread is done: Thread Group 1-12
2022-08-03 17:18:32,508 INFO o.a.j.t.JMeterThread: Thread is done: Thread Group 1-76
2022-08-03 17:18:32,508 INFO o.a.j.t.JMeterThread: Thread is done: Thread Group 1-4
2022-08-03 17:18:32,508 INFO o.a.j.t.JMeterThread: Thread finished: Thread Group 1-12
2022-08-03 17:18:32,508 INFO o.a.j.t.JMeterThread: Thread finished: Thread Group 1-76
2022-08-03 17:18:32,508 INFO o.a.j.t.JMeterThread: Thread finished: Thread Group 1-4
2022-08-03 17:18:32,555 INFO o.a.j.t.JMeterThread: Thread is done: Thread Group 1-40
2022-08-03 17:18:32,555 INFO o.a.j.t.JMeterThread: Thread finished: Thread Group 1-40
2022-08-03 17:18:32,589 INFO o.a.j.t.JMeterThread: Thread is done: Thread Group 1-68
2022-08-03 17:18:32,589 INFO o.a.j.t.JMeterThread: Thread finished: Thread Group 1-68
2022-08-03 17:18:32,704 INFO o.a.j.t.JMeterThread: Thread is done: Thread Group 1-82
2022-08-03 17:18:32,704 INFO o.a.j.t.JMeterThread: Thread is done: Thread Group 1-10
2022-08-03 17:18:32,704 INFO o.a.j.t.JMeterThread: Thread finished: Thread Group 1-82
2022-08-03 17:18:32,704 INFO o.a.j.t.JMeterThread: Thread is done: Thread Group 1-60
2022-08-03 17:18:32,704 INFO o.a.j.t.JMeterThread: Thread finished: Thread Group 1-10
2022-08-03 17:18:32,704 INFO o.a.j.t.JMeterThread: Thread finished: Thread Group 1-60
2022-08-03 17:18:32,760 INFO o.a.j.t.JMeterThread: Thread is done: Thread Group 1-92
2022-08-03 17:18:32,760 INFO o.a.j.t.JMeterThread: Thread finished: Thread Group 1-92
2022-08-03 17:18:32,773 INFO o.a.j.t.JMeterThread: Thread is done: Thread Group 1-64
2022-08-03 17:18:32,773 INFO o.a.j.t.JMeterThread: Thread finished: Thread Group 1-64
2022-08-03 17:18:32,823 INFO o.a.j.t.JMeterThread: Thread is done: Thread Group 1-30
2022-08-03 17:18:32,823 INFO o.a.j.t.JMeterThread: Thread finished: Thread Group 1-30
2022-08-03 17:18:32,830 INFO o.a.j.t.JMeterThread: Thread is done: Thread Group 1-94
2022-08-03 17:18:32,830 INFO o.a.j.t.JMeterThread: Thread is done: Thread Group 1-16
2022-08-03 17:18:32,830 INFO o.a.j.t.JMeterThread: Thread finished: Thread Group 1-94
2022-08-03 17:18:32,830 INFO o.a.j.t.JMeterThread: Thread finished: Thread Group 1-16
2022-08-03 17:18:32,868 INFO o.a.j.t.JMeterThread: Thread is done: Thread Group 1-74
2022-08-03 17:18:32,868 INFO o.a.j.t.JMeterThread: Thread finished: Thread Group 1-74
2022-08-03 17:18:33,019 INFO o.a.j.t.JMeterThread: Thread is done: Thread Group 1-8
2022-08-03 17:18:33,019 INFO o.a.j.t.JMeterThread: Thread finished: Thread Group 1-8
2022-08-03 17:18:33,077 INFO o.a.j.t.JMeterThread: Thread is done: Thread Group 1-86
2022-08-03 17:18:33,077 INFO o.a.j.t.JMeterThread: Thread is done: Thread Group 1-58
2022-08-03 17:18:33,077 INFO o.a.j.t.JMeterThread: Thread finished: Thread Group 1-86
2022-08-03 17:18:33,077 INFO o.a.j.t.JMeterThread: Thread finished: Thread Group 1-58
2022-08-03 17:18:33,085 INFO o.a.j.t.JMeterThread: Thread is done: Thread Group 1-88
2022-08-03 17:18:33,085 INFO o.a.j.t.JMeterThread: Thread finished: Thread Group 1-88
2022-08-03 17:18:33,137 INFO o.a.j.t.JMeterThread: Thread is done: Thread Group 1-44
2022-08-03 17:18:33,137 INFO o.a.j.t.JMeterThread: Thread is done: Thread Group 1-48
2022-08-03 17:18:33,137 INFO o.a.j.t.JMeterThread: Thread finished: Thread Group 1-44
2022-08-03 17:18:33,137 INFO o.a.j.t.JMeterThread: Thread finished: Thread Group 1-48
2022-08-03 17:18:33,144 INFO o.a.j.t.JMeterThread: Thread is done: Thread Group 1-24
2022-08-03 17:18:33,144 INFO o.a.j.t.JMeterThread: Thread finished: Thread Group 1-24
2022-08-03 17:18:33,144 INFO o.a.j.t.JMeterThread: Thread is done: Thread Group 1-6
2022-08-03 17:18:33,144 INFO o.a.j.t.JMeterThread: Thread finished: Thread Group 1-6
2022-08-03 17:18:33,392 INFO o.a.j.t.JMeterThread: Thread is done: Thread Group 1-18
2022-08-03 17:18:33,392 INFO o.a.j.t.JMeterThread: Thread finished: Thread Group 1-18
2022-08-03 17:18:33,450 INFO o.a.j.t.JMeterThread: Thread is done: Thread Group 1-54
2022-08-03 17:18:33,450 INFO o.a.j.t.JMeterThread: Thread is done: Thread Group 1-46
2022-08-03 17:18:33,450 INFO o.a.j.t.JMeterThread: Thread finished: Thread Group 1-54
2022-08-03 17:18:33,450 INFO o.a.j.t.JMeterThread: Thread finished: Thread Group 1-46
2022-08-03 17:18:33,458 INFO o.a.j.t.JMeterThread: Thread is done: Thread Group 1-2
2022-08-03 17:18:33,458 INFO o.a.j.t.JMeterThread: Thread finished: Thread Group 1-2
2022-08-03 17:18:33,647 INFO o.a.j.t.JMeterThread: Thread is done: Thread Group 1-20
2022-08-03 17:18:33,647 INFO o.a.j.t.JMeterThread: Thread is done: Thread Group 1-78
2022-08-03 17:18:33,647 INFO o.a.j.t.JMeterThread: Thread finished: Thread Group 1-20
2022-08-03 17:18:33,647 INFO o.a.j.t.JMeterThread: Thread is done: Thread Group 1-80
2022-08-03 17:18:33,647 INFO o.a.j.t.JMeterThread: Thread finished: Thread Group 1-78
2022-08-03 17:18:33,647 INFO o.a.j.t.JMeterThread: Thread finished: Thread Group 1-80
2022-08-03 17:18:33,707 INFO o.a.j.t.JMeterThread: Thread is done: Thread Group 1-96
2022-08-03 17:18:33,707 INFO o.a.j.t.JMeterThread: Thread finished: Thread Group 1-96
2022-08-03 17:18:33,707 INFO o.a.j.t.JMeterThread: Thread is done: Thread Group 1-90
2022-08-03 17:18:33,707 INFO o.a.j.t.JMeterThread: Thread is done: Thread Group 1-28
2022-08-03 17:18:33,707 INFO o.a.j.t.JMeterThread: Thread finished: Thread Group 1-90
2022-08-03 17:18:33,707 INFO o.a.j.t.JMeterThread: Thread is done: Thread Group 1-84
2022-08-03 17:18:33,707 INFO o.a.j.t.JMeterThread: Thread finished: Thread Group 1-28
2022-08-03 17:18:33,707 INFO o.a.j.t.JMeterThread: Thread finished: Thread Group 1-84
2022-08-03 17:18:33,771 INFO o.a.j.t.JMeterThread: Thread is done: Thread Group 1-56
2022-08-03 17:18:33,771 INFO o.a.j.t.JMeterThread: Thread finished: Thread Group 1-56
2022-08-03 17:18:34,020 INFO o.a.j.t.JMeterThread: Thread is done: Thread Group 1-26
2022-08-03 17:18:34,020 INFO o.a.j.t.JMeterThread: Thread finished: Thread Group 1-26
2022-08-03 17:18:34,020 INFO o.a.j.e.StandardJMeterEngine: Notifying test listeners of end of test
2022-08-03 17:18:34,022 INFO o.a.j.r.Summariser: summary +    470 in 00:00:04 =  118.2/s Avg:    15 Min:    12 Max:    19 Err:     0 (0.00%) Active: 0 Started: 100 Finished: 100
2022-08-03 17:18:34,022 INFO o.a.j.r.Summariser: summary = 100000 in 00:05:18 =  314.5/s Avg:    12 Min:     5 Max:    44 Err:     0 (0.00%)
